<?xml version="1.0" encoding="UTF-8"?>
<!-- Generated by org.testng.reporters.JUnitReportReporter -->
<testsuite hostname="IB-SEZ-LAP-1146" failures="0" tests="1" name="Restassured.GoogleMap.JiraApi" time="1.031" errors="0" timestamp="2022-07-19T17:38:35 IST" skipped="0">
  <testcase classname="Restassured.GoogleMap.JiraApi" name="JiraOperations" time="1.031"/>
  <system-out/>
</testsuite> <!-- Restassured.GoogleMap.JiraApi -->
