<?xml version="1.0" encoding="UTF-8"?>
<!-- Generated by org.testng.reporters.JUnitReportReporter -->
<testsuite hostname="IB-SEZ-LAP-1146" failures="0" tests="1" name="Restassured.GoogleMap.GoogleBasic" time="2.112" errors="0" timestamp="2022-07-18T14:04:03 IST" skipped="0">
  <testcase classname="Restassured.GoogleMap.GoogleBasic" name="GoogleMap" time="2.112"/>
  <system-out/>
</testsuite> <!-- Restassured.GoogleMap.GoogleBasic -->
